Determining if the pthread_create exist failed with the following output:
Change Dir: /home/eliyahu/CLionProjects/raversi/src/Client/cmake-build-debug/CMakeFiles/CMakeTmp

Run Build Command:"/usr/bin/make" "cmTC_4d0d5/fast"
/usr/bin/make -f CMakeFiles/cmTC_4d0d5.dir/build.make CMakeFiles/cmTC_4d0d5.dir/build
make[1]: Entering directory '/home/eliyahu/CLionProjects/raversi/src/Client/cmake-build-debug/CMakeFiles/CMakeTmp'
Building C object CMakeFiles/cmTC_4d0d5.dir/CheckSymbolExists.c.o
/usr/bin/cc    -o CMakeFiles/cmTC_4d0d5.dir/CheckSymbolExists.c.o   -c /home/eliyahu/CLionProjects/raversi/src/Client/cmake-build-debug/CMakeFiles/CMakeTmp/CheckSymbolExists.c
Linking C executable cmTC_4d0d5
/home/eliyahu/Downloads/clion-2017.2.3/bin/cmake/bin/cmake -E cmake_link_script CMakeFiles/cmTC_4d0d5.dir/link.txt --verbose=1
/usr/bin/cc      -rdynamic CMakeFiles/cmTC_4d0d5.dir/CheckSymbolExists.c.o  -o cmTC_4d0d5 
CMakeFiles/cmTC_4d0d5.dir/CheckSymbolExists.c.o: In function `main':
CheckSymbolExists.c:(.text+0x16): undefined reference to `pthread_create'
collect2: error: ld returned 1 exit status
CMakeFiles/cmTC_4d0d5.dir/build.make:97: recipe for target 'cmTC_4d0d5' failed
make[1]: *** [cmTC_4d0d5] Error 1
make[1]: Leaving directory '/home/eliyahu/CLionProjects/raversi/src/Client/cmake-build-debug/CMakeFiles/CMakeTmp'
Makefile:126: recipe for target 'cmTC_4d0d5/fast' failed
make: *** [cmTC_4d0d5/fast] Error 2

File /home/eliyahu/CLionProjects/raversi/src/Client/cmake-build-debug/CMakeFiles/CMakeTmp/CheckSymbolExists.c:
/* */
#include <pthread.h>

int main(int argc, char** argv)
{
  (void)argv;
#ifndef pthread_create
  return ((int*)(&pthread_create))[argc];
#else
  (void)argc;
  return 0;
#endif
}

Determining if the function pthread_create exists in the pthreads failed with the following output:
Change Dir: /home/eliyahu/CLionProjects/raversi/src/Client/cmake-build-debug/CMakeFiles/CMakeTmp

Run Build Command:"/usr/bin/make" "cmTC_ca84f/fast"
/usr/bin/make -f CMakeFiles/cmTC_ca84f.dir/build.make CMakeFiles/cmTC_ca84f.dir/build
make[1]: Entering directory '/home/eliyahu/CLionProjects/raversi/src/Client/cmake-build-debug/CMakeFiles/CMakeTmp'
Building C object CMakeFiles/cmTC_ca84f.dir/CheckFunctionExists.c.o
/usr/bin/cc   -DCHECK_FUNCTION_EXISTS=pthread_create   -o CMakeFiles/cmTC_ca84f.dir/CheckFunctionExists.c.o   -c /home/eliyahu/Downloads/clion-2017.2.3/bin/cmake/share/cmake-3.8/Modules/CheckFunctionExists.c
Linking C executable cmTC_ca84f
/home/eliyahu/Downloads/clion-2017.2.3/bin/cmake/bin/cmake -E cmake_link_script CMakeFiles/cmTC_ca84f.dir/link.txt --verbose=1
/usr/bin/cc  -DCHECK_FUNCTION_EXISTS=pthread_create    -rdynamic CMakeFiles/cmTC_ca84f.dir/CheckFunctionExists.c.o  -o cmTC_ca84f -lpthreads 
/usr/bin/ld: cannot find -lpthreads
collect2: error: ld returned 1 exit status
CMakeFiles/cmTC_ca84f.dir/build.make:97: recipe for target 'cmTC_ca84f' failed
make[1]: *** [cmTC_ca84f] Error 1
make[1]: Leaving directory '/home/eliyahu/CLionProjects/raversi/src/Client/cmake-build-debug/CMakeFiles/CMakeTmp'
Makefile:126: recipe for target 'cmTC_ca84f/fast' failed
make: *** [cmTC_ca84f/fast] Error 2


